<?xml version="1.0" encoding="UTF-8"?>
<testng-results ignored="0" total="1" passed="1" failed="0" skipped="0">
  <reporter-output>
  </reporter-output>
  <suite started-at="2023-08-23T12:45:58 IST" name="Default suite" finished-at="2023-08-23T12:46:01 IST" duration-ms="2826">
    <groups>
    </groups>
    <test started-at="2023-08-23T12:45:58 IST" name="Default test" finished-at="2023-08-23T12:46:01 IST" duration-ms="2826">
      <class name="restassuredTest1.DeserialTest">
        <test-method signature="deTest()[pri:0, instance:restassuredTest1.DeserialTest@6bd61f98]" started-at="2023-08-23T12:45:58 IST" name="deTest" finished-at="2023-08-23T12:46:01 IST" duration-ms="2739" status="PASS">
          <reporter-output>
          </reporter-output>
        </test-method> <!-- deTest -->
      </class> <!-- restassuredTest1.DeserialTest -->
    </test> <!-- Default test -->
  </suite> <!-- Default suite -->
</testng-results>
